{"/home/adrian/dev/fullstackopen/part5/bloglist-frontend/src/App.jsx": {"path":"/home/adrian/dev/fullstackopen/part5/bloglist-frontend/src/App.jsx","statementMap":{"0":{"start":{"line":11,"column":12},"end":{"line":178,"column":1}},"1":{"start":{"line":12,"column":28},"end":{"line":12,"column":40}},"2":{"start":{"line":13,"column":34},"end":{"line":13,"column":46}},"3":{"start":{"line":14,"column":34},"end":{"line":14,"column":46}},"4":{"start":{"line":15,"column":26},"end":{"line":15,"column":40}},"5":{"start":{"line":16,"column":42},"end":{"line":16,"column":54}},"6":{"start":{"line":18,"column":42},"end":{"line":18,"column":57}},"7":{"start":{"line":20,"column":22},"end":{"line":20,"column":30}},"8":{"start":{"line":22,"column":2},"end":{"line":24,"column":9}},"9":{"start":{"line":23,"column":4},"end":{"line":23,"column":58}},"10":{"start":{"line":23,"column":41},"end":{"line":23,"column":56}},"11":{"start":{"line":26,"column":2},"end":{"line":33,"column":9}},"12":{"start":{"line":27,"column":27},"end":{"line":27,"column":79}},"13":{"start":{"line":28,"column":4},"end":{"line":32,"column":5}},"14":{"start":{"line":29,"column":19},"end":{"line":29,"column":45}},"15":{"start":{"line":30,"column":6},"end":{"line":30,"column":20}},"16":{"start":{"line":31,"column":6},"end":{"line":31,"column":39}},"17":{"start":{"line":35,"column":22},"end":{"line":56,"column":3}},"18":{"start":{"line":36,"column":4},"end":{"line":36,"column":27}},"19":{"start":{"line":38,"column":4},"end":{"line":55,"column":5}},"20":{"start":{"line":39,"column":19},"end":{"line":39,"column":67}},"21":{"start":{"line":40,"column":6},"end":{"line":40,"column":58}},"22":{"start":{"line":41,"column":6},"end":{"line":44,"column":8}},"23":{"start":{"line":46,"column":6},"end":{"line":46,"column":39}},"24":{"start":{"line":47,"column":6},"end":{"line":47,"column":20}},"25":{"start":{"line":48,"column":6},"end":{"line":48,"column":22}},"26":{"start":{"line":49,"column":6},"end":{"line":49,"column":22}},"27":{"start":{"line":51,"column":6},"end":{"line":51,"column":46}},"28":{"start":{"line":52,"column":6},"end":{"line":54,"column":15}},"29":{"start":{"line":53,"column":8},"end":{"line":53,"column":28}},"30":{"start":{"line":58,"column":20},"end":{"line":79,"column":3}},"31":{"start":{"line":59,"column":28},"end":{"line":59,"column":67}},"32":{"start":{"line":60,"column":28},"end":{"line":60,"column":67}},"33":{"start":{"line":62,"column":4},"end":{"line":78,"column":6}},"34":{"start":{"line":65,"column":33},"end":{"line":65,"column":54}},"35":{"start":{"line":71,"column":50},"end":{"line":71,"column":75}},"36":{"start":{"line":72,"column":50},"end":{"line":72,"column":75}},"37":{"start":{"line":75,"column":33},"end":{"line":75,"column":55}},"38":{"start":{"line":81,"column":18},"end":{"line":97,"column":3}},"39":{"start":{"line":82,"column":4},"end":{"line":96,"column":5}},"40":{"start":{"line":83,"column":6},"end":{"line":83,"column":45}},"41":{"start":{"line":84,"column":6},"end":{"line":91,"column":9}},"42":{"start":{"line":85,"column":8},"end":{"line":85,"column":43}},"43":{"start":{"line":86,"column":8},"end":{"line":86,"column":45}},"44":{"start":{"line":87,"column":8},"end":{"line":87,"column":23}},"45":{"start":{"line":88,"column":8},"end":{"line":90,"column":17}},"46":{"start":{"line":89,"column":10},"end":{"line":89,"column":30}},"47":{"start":{"line":93,"column":6},"end":{"line":95,"column":15}},"48":{"start":{"line":94,"column":8},"end":{"line":94,"column":28}},"49":{"start":{"line":99,"column":19},"end":{"line":103,"column":3}},"50":{"start":{"line":100,"column":4},"end":{"line":102,"column":7}},"51":{"start":{"line":101,"column":6},"end":{"line":101,"column":76}},"52":{"start":{"line":101,"column":36},"end":{"line":101,"column":72}},"53":{"start":{"line":105,"column":21},"end":{"line":121,"column":3}},"54":{"start":{"line":106,"column":4},"end":{"line":120,"column":5}},"55":{"start":{"line":107,"column":6},"end":{"line":114,"column":7}},"56":{"start":{"line":108,"column":8},"end":{"line":108,"column":46}},"57":{"start":{"line":109,"column":8},"end":{"line":109,"column":75}},"58":{"start":{"line":110,"column":8},"end":{"line":110,"column":68}},"59":{"start":{"line":110,"column":40},"end":{"line":110,"column":65}},"60":{"start":{"line":111,"column":8},"end":{"line":113,"column":17}},"61":{"start":{"line":112,"column":10},"end":{"line":112,"column":32}},"62":{"start":{"line":116,"column":6},"end":{"line":116,"column":63}},"63":{"start":{"line":117,"column":6},"end":{"line":119,"column":15}},"64":{"start":{"line":118,"column":8},"end":{"line":118,"column":30}},"65":{"start":{"line":123,"column":17},"end":{"line":139,"column":3}},"66":{"start":{"line":124,"column":4},"end":{"line":138,"column":6}},"67":{"start":{"line":131,"column":12},"end":{"line":131,"column":40}},"68":{"start":{"line":132,"column":12},"end":{"line":132,"column":41}},"69":{"start":{"line":141,"column":19},"end":{"line":160,"column":3}},"70":{"start":{"line":142,"column":4},"end":{"line":159,"column":6}},"71":{"start":{"line":146,"column":26},"end":{"line":146,"column":43}},"72":{"start":{"line":148,"column":12},"end":{"line":156,"column":18}},"73":{"start":{"line":162,"column":2},"end":{"line":177,"column":4}}},"fnMap":{"0":{"name":"(anonymous_0)","decl":{"start":{"line":11,"column":12},"end":{"line":11,"column":13}},"loc":{"start":{"line":11,"column":18},"end":{"line":178,"column":1}},"line":11},"1":{"name":"(anonymous_1)","decl":{"start":{"line":22,"column":12},"end":{"line":22,"column":13}},"loc":{"start":{"line":22,"column":18},"end":{"line":24,"column":3}},"line":22},"2":{"name":"(anonymous_2)","decl":{"start":{"line":23,"column":30},"end":{"line":23,"column":31}},"loc":{"start":{"line":23,"column":41},"end":{"line":23,"column":56}},"line":23},"3":{"name":"(anonymous_3)","decl":{"start":{"line":26,"column":12},"end":{"line":26,"column":13}},"loc":{"start":{"line":26,"column":18},"end":{"line":33,"column":3}},"line":26},"4":{"name":"(anonymous_4)","decl":{"start":{"line":35,"column":22},"end":{"line":35,"column":23}},"loc":{"start":{"line":35,"column":39},"end":{"line":56,"column":3}},"line":35},"5":{"name":"(anonymous_5)","decl":{"start":{"line":52,"column":17},"end":{"line":52,"column":18}},"loc":{"start":{"line":52,"column":23},"end":{"line":54,"column":7}},"line":52},"6":{"name":"(anonymous_6)","decl":{"start":{"line":58,"column":20},"end":{"line":58,"column":21}},"loc":{"start":{"line":58,"column":26},"end":{"line":79,"column":3}},"line":58},"7":{"name":"(anonymous_7)","decl":{"start":{"line":65,"column":27},"end":{"line":65,"column":28}},"loc":{"start":{"line":65,"column":33},"end":{"line":65,"column":54}},"line":65},"8":{"name":"(anonymous_8)","decl":{"start":{"line":71,"column":34},"end":{"line":71,"column":35}},"loc":{"start":{"line":71,"column":50},"end":{"line":71,"column":75}},"line":71},"9":{"name":"(anonymous_9)","decl":{"start":{"line":72,"column":34},"end":{"line":72,"column":35}},"loc":{"start":{"line":72,"column":50},"end":{"line":72,"column":75}},"line":72},"10":{"name":"(anonymous_10)","decl":{"start":{"line":75,"column":27},"end":{"line":75,"column":28}},"loc":{"start":{"line":75,"column":33},"end":{"line":75,"column":55}},"line":75},"11":{"name":"(anonymous_11)","decl":{"start":{"line":81,"column":18},"end":{"line":81,"column":19}},"loc":{"start":{"line":81,"column":40},"end":{"line":97,"column":3}},"line":81},"12":{"name":"(anonymous_12)","decl":{"start":{"line":84,"column":48},"end":{"line":84,"column":49}},"loc":{"start":{"line":84,"column":66},"end":{"line":91,"column":7}},"line":84},"13":{"name":"(anonymous_13)","decl":{"start":{"line":88,"column":19},"end":{"line":88,"column":20}},"loc":{"start":{"line":88,"column":25},"end":{"line":90,"column":9}},"line":88},"14":{"name":"(anonymous_14)","decl":{"start":{"line":93,"column":17},"end":{"line":93,"column":18}},"loc":{"start":{"line":93,"column":23},"end":{"line":95,"column":7}},"line":93},"15":{"name":"(anonymous_15)","decl":{"start":{"line":99,"column":19},"end":{"line":99,"column":20}},"loc":{"start":{"line":99,"column":45},"end":{"line":103,"column":3}},"line":99},"16":{"name":"(anonymous_16)","decl":{"start":{"line":100,"column":50},"end":{"line":100,"column":51}},"loc":{"start":{"line":100,"column":68},"end":{"line":102,"column":5}},"line":100},"17":{"name":"(anonymous_17)","decl":{"start":{"line":101,"column":25},"end":{"line":101,"column":26}},"loc":{"start":{"line":101,"column":36},"end":{"line":101,"column":72}},"line":101},"18":{"name":"(anonymous_18)","decl":{"start":{"line":105,"column":21},"end":{"line":105,"column":22}},"loc":{"start":{"line":105,"column":43},"end":{"line":121,"column":3}},"line":105},"19":{"name":"(anonymous_19)","decl":{"start":{"line":110,"column":30},"end":{"line":110,"column":31}},"loc":{"start":{"line":110,"column":40},"end":{"line":110,"column":65}},"line":110},"20":{"name":"(anonymous_20)","decl":{"start":{"line":111,"column":19},"end":{"line":111,"column":20}},"loc":{"start":{"line":111,"column":25},"end":{"line":113,"column":9}},"line":111},"21":{"name":"(anonymous_21)","decl":{"start":{"line":117,"column":17},"end":{"line":117,"column":18}},"loc":{"start":{"line":117,"column":23},"end":{"line":119,"column":7}},"line":117},"22":{"name":"(anonymous_22)","decl":{"start":{"line":123,"column":17},"end":{"line":123,"column":18}},"loc":{"start":{"line":123,"column":23},"end":{"line":139,"column":3}},"line":123},"23":{"name":"(anonymous_23)","decl":{"start":{"line":130,"column":19},"end":{"line":130,"column":20}},"loc":{"start":{"line":130,"column":25},"end":{"line":133,"column":11}},"line":130},"24":{"name":"(anonymous_24)","decl":{"start":{"line":141,"column":19},"end":{"line":141,"column":20}},"loc":{"start":{"line":141,"column":25},"end":{"line":160,"column":3}},"line":141},"25":{"name":"(anonymous_25)","decl":{"start":{"line":146,"column":16},"end":{"line":146,"column":17}},"loc":{"start":{"line":146,"column":26},"end":{"line":146,"column":43}},"line":146},"26":{"name":"(anonymous_26)","decl":{"start":{"line":147,"column":15},"end":{"line":147,"column":16}},"loc":{"start":{"line":148,"column":12},"end":{"line":156,"column":18}},"line":148}},"branchMap":{"0":{"loc":{"start":{"line":28,"column":4},"end":{"line":32,"column":5}},"type":"if","locations":[{"start":{"line":28,"column":4},"end":{"line":32,"column":5}},{"start":{},"end":{}}],"line":28},"1":{"loc":{"start":{"line":59,"column":39},"end":{"line":59,"column":65}},"type":"cond-expr","locations":[{"start":{"line":59,"column":54},"end":{"line":59,"column":60}},{"start":{"line":59,"column":63},"end":{"line":59,"column":65}}],"line":59},"2":{"loc":{"start":{"line":60,"column":39},"end":{"line":60,"column":65}},"type":"cond-expr","locations":[{"start":{"line":60,"column":54},"end":{"line":60,"column":56}},{"start":{"line":60,"column":59},"end":{"line":60,"column":65}}],"line":60},"3":{"loc":{"start":{"line":101,"column":36},"end":{"line":101,"column":72}},"type":"cond-expr","locations":[{"start":{"line":101,"column":53},"end":{"line":101,"column":57}},{"start":{"line":101,"column":60},"end":{"line":101,"column":72}}],"line":101},"4":{"loc":{"start":{"line":107,"column":6},"end":{"line":114,"column":7}},"type":"if","locations":[{"start":{"line":107,"column":6},"end":{"line":114,"column":7}},{"start":{},"end":{}}],"line":107},"5":{"loc":{"start":{"line":165,"column":7},"end":{"line":165,"column":27}},"type":"binary-expr","locations":[{"start":{"line":165,"column":7},"end":{"line":165,"column":12}},{"start":{"line":165,"column":16},"end":{"line":165,"column":27}}],"line":165},"6":{"loc":{"start":{"line":167,"column":7},"end":{"line":175,"column":7}},"type":"binary-expr","locations":[{"start":{"line":167,"column":7},"end":{"line":167,"column":11}},{"start":{"line":168,"column":8},"end":{"line":174,"column":14}}],"line":167}},"s":{"0":0,"1":0,"2":0,"3":0,"4":0,"5":0,"6":0,"7":0,"8":0,"9":0,"10":0,"11":0,"12":0,"13":0,"14":0,"15":0,"16":0,"17":0,"18":0,"19":0,"20":0,"21":0,"22":0,"23":0,"24":0,"25":0,"26":0,"27":0,"28":0,"29":0,"30":0,"31":0,"32":0,"33":0,"34":0,"35":0,"36":0,"37":0,"38":0,"39":0,"40":0,"41":0,"42":0,"43":0,"44":0,"45":0,"46":0,"47":0,"48":0,"49":0,"50":0,"51":0,"52":0,"53":0,"54":0,"55":0,"56":0,"57":0,"58":0,"59":0,"60":0,"61":0,"62":0,"63":0,"64":0,"65":0,"66":0,"67":0,"68":0,"69":0,"70":0,"71":0,"72":0,"73":0},"f":{"0":0,"1":0,"2":0,"3":0,"4":0,"5":0,"6":0,"7":0,"8":0,"9":0,"10":0,"11":0,"12":0,"13":0,"14":0,"15":0,"16":0,"17":0,"18":0,"19":0,"20":0,"21":0,"22":0,"23":0,"24":0,"25":0,"26":0},"b":{"0":[0,0],"1":[0,0],"2":[0,0],"3":[0,0],"4":[0,0],"5":[0,0],"6":[0,0]}}
,"/home/adrian/dev/fullstackopen/part5/bloglist-frontend/src/main.jsx": {"path":"/home/adrian/dev/fullstackopen/part5/bloglist-frontend/src/main.jsx","statementMap":{"0":{"start":{"line":4,"column":0},"end":{"line":4,"column":69}}},"fnMap":{},"branchMap":{},"s":{"0":0},"f":{},"b":{}}
,"/home/adrian/dev/fullstackopen/part5/bloglist-frontend/src/components/Blog.jsx": {"path":"/home/adrian/dev/fullstackopen/part5/bloglist-frontend/src/components/Blog.jsx","statementMap":{"0":{"start":{"line":3,"column":13},"end":{"line":73,"column":1}},"1":{"start":{"line":4,"column":32},"end":{"line":4,"column":47}},"2":{"start":{"line":5,"column":26},"end":{"line":5,"column":60}},"3":{"start":{"line":6,"column":38},"end":{"line":6,"column":52}},"4":{"start":{"line":9,"column":27},"end":{"line":12,"column":3}},"5":{"start":{"line":10,"column":4},"end":{"line":10,"column":31}},"6":{"start":{"line":11,"column":4},"end":{"line":11,"column":25}},"7":{"start":{"line":14,"column":19},"end":{"line":20,"column":3}},"8":{"start":{"line":15,"column":4},"end":{"line":15,"column":31}},"9":{"start":{"line":16,"column":22},"end":{"line":16,"column":56}},"10":{"start":{"line":17,"column":4},"end":{"line":17,"column":41}},"11":{"start":{"line":18,"column":4},"end":{"line":18,"column":40}},"12":{"start":{"line":19,"column":4},"end":{"line":19,"column":29}},"13":{"start":{"line":22,"column":21},"end":{"line":28,"column":3}},"14":{"start":{"line":23,"column":4},"end":{"line":23,"column":33}},"15":{"start":{"line":25,"column":23},"end":{"line":25,"column":34}},"16":{"start":{"line":27,"column":4},"end":{"line":27,"column":27}},"17":{"start":{"line":30,"column":20},"end":{"line":36,"column":3}},"18":{"start":{"line":38,"column":19},"end":{"line":38,"column":44}},"19":{"start":{"line":40,"column":2},"end":{"line":72,"column":4}}},"fnMap":{"0":{"name":"(anonymous_0)","decl":{"start":{"line":3,"column":13},"end":{"line":3,"column":14}},"loc":{"start":{"line":3,"column":57},"end":{"line":73,"column":1}},"line":3},"1":{"name":"(anonymous_1)","decl":{"start":{"line":9,"column":27},"end":{"line":9,"column":28}},"loc":{"start":{"line":9,"column":33},"end":{"line":12,"column":3}},"line":9},"2":{"name":"(anonymous_2)","decl":{"start":{"line":14,"column":19},"end":{"line":14,"column":20}},"loc":{"start":{"line":14,"column":25},"end":{"line":20,"column":3}},"line":14},"3":{"name":"(anonymous_3)","decl":{"start":{"line":22,"column":21},"end":{"line":22,"column":22}},"loc":{"start":{"line":22,"column":27},"end":{"line":28,"column":3}},"line":22}},"branchMap":{"0":{"loc":{"start":{"line":5,"column":37},"end":{"line":5,"column":58}},"type":"cond-expr","locations":[{"start":{"line":5,"column":47},"end":{"line":5,"column":49}},{"start":{"line":5,"column":52},"end":{"line":5,"column":58}}],"line":5},"1":{"loc":{"start":{"line":38,"column":19},"end":{"line":38,"column":44}},"type":"cond-expr","locations":[{"start":{"line":38,"column":29},"end":{"line":38,"column":35}},{"start":{"line":38,"column":38},"end":{"line":38,"column":44}}],"line":38}},"s":{"0":0,"1":0,"2":0,"3":0,"4":0,"5":0,"6":0,"7":0,"8":0,"9":0,"10":0,"11":0,"12":0,"13":0,"14":0,"15":0,"16":0,"17":0,"18":0,"19":0},"f":{"0":0,"1":0,"2":0,"3":0},"b":{"0":[0,0],"1":[0,0]}}
,"/home/adrian/dev/fullstackopen/part5/bloglist-frontend/src/components/BlogForm.jsx": {"path":"/home/adrian/dev/fullstackopen/part5/bloglist-frontend/src/components/BlogForm.jsx","statementMap":{"0":{"start":{"line":3,"column":17},"end":{"line":58,"column":1}},"1":{"start":{"line":4,"column":28},"end":{"line":4,"column":40}},"2":{"start":{"line":5,"column":30},"end":{"line":5,"column":42}},"3":{"start":{"line":6,"column":24},"end":{"line":6,"column":36}},"4":{"start":{"line":8,"column":18},"end":{"line":19,"column":3}},"5":{"start":{"line":9,"column":4},"end":{"line":9,"column":27}},"6":{"start":{"line":10,"column":4},"end":{"line":14,"column":7}},"7":{"start":{"line":16,"column":4},"end":{"line":16,"column":17}},"8":{"start":{"line":17,"column":4},"end":{"line":17,"column":18}},"9":{"start":{"line":18,"column":4},"end":{"line":18,"column":15}},"10":{"start":{"line":21,"column":2},"end":{"line":57,"column":4}},"11":{"start":{"line":31,"column":35},"end":{"line":31,"column":63}},"12":{"start":{"line":40,"column":35},"end":{"line":40,"column":64}},"13":{"start":{"line":49,"column":35},"end":{"line":49,"column":61}}},"fnMap":{"0":{"name":"(anonymous_0)","decl":{"start":{"line":3,"column":17},"end":{"line":3,"column":18}},"loc":{"start":{"line":3,"column":37},"end":{"line":58,"column":1}},"line":3},"1":{"name":"(anonymous_1)","decl":{"start":{"line":8,"column":18},"end":{"line":8,"column":19}},"loc":{"start":{"line":8,"column":29},"end":{"line":19,"column":3}},"line":8},"2":{"name":"(anonymous_2)","decl":{"start":{"line":31,"column":24},"end":{"line":31,"column":25}},"loc":{"start":{"line":31,"column":35},"end":{"line":31,"column":63}},"line":31},"3":{"name":"(anonymous_3)","decl":{"start":{"line":40,"column":24},"end":{"line":40,"column":25}},"loc":{"start":{"line":40,"column":35},"end":{"line":40,"column":64}},"line":40},"4":{"name":"(anonymous_4)","decl":{"start":{"line":49,"column":24},"end":{"line":49,"column":25}},"loc":{"start":{"line":49,"column":35},"end":{"line":49,"column":61}},"line":49}},"branchMap":{},"s":{"0":0,"1":0,"2":0,"3":0,"4":0,"5":0,"6":0,"7":0,"8":0,"9":0,"10":0,"11":0,"12":0,"13":0},"f":{"0":0,"1":0,"2":0,"3":0,"4":0},"b":{}}
,"/home/adrian/dev/fullstackopen/part5/bloglist-frontend/src/components/Login.jsx": {"path":"/home/adrian/dev/fullstackopen/part5/bloglist-frontend/src/components/Login.jsx","statementMap":{"0":{"start":{"line":3,"column":18},"end":{"line":31,"column":1}},"1":{"start":{"line":10,"column":2},"end":{"line":30,"column":4}},"2":{"start":{"line":33,"column":0},"end":{"line":39,"column":1}}},"fnMap":{"0":{"name":"(anonymous_0)","decl":{"start":{"line":3,"column":18},"end":{"line":3,"column":19}},"loc":{"start":{"line":9,"column":6},"end":{"line":31,"column":1}},"line":9}},"branchMap":{},"s":{"0":0,"1":0,"2":0},"f":{"0":0},"b":{}}
,"/home/adrian/dev/fullstackopen/part5/bloglist-frontend/src/components/Notification.jsx": {"path":"/home/adrian/dev/fullstackopen/part5/bloglist-frontend/src/components/Notification.jsx","statementMap":{"0":{"start":{"line":1,"column":21},"end":{"line":7,"column":1}},"1":{"start":{"line":2,"column":2},"end":{"line":6,"column":4}}},"fnMap":{"0":{"name":"(anonymous_0)","decl":{"start":{"line":1,"column":21},"end":{"line":1,"column":22}},"loc":{"start":{"line":1,"column":38},"end":{"line":7,"column":1}},"line":1}},"branchMap":{},"s":{"0":0,"1":0},"f":{"0":0},"b":{}}
,"/home/adrian/dev/fullstackopen/part5/bloglist-frontend/src/components/Togglable.jsx": {"path":"/home/adrian/dev/fullstackopen/part5/bloglist-frontend/src/components/Togglable.jsx","statementMap":{"0":{"start":{"line":4,"column":18},"end":{"line":31,"column":2}},"1":{"start":{"line":5,"column":32},"end":{"line":5,"column":47}},"2":{"start":{"line":7,"column":26},"end":{"line":7,"column":60}},"3":{"start":{"line":8,"column":26},"end":{"line":8,"column":60}},"4":{"start":{"line":10,"column":27},"end":{"line":12,"column":3}},"5":{"start":{"line":11,"column":4},"end":{"line":11,"column":25}},"6":{"start":{"line":14,"column":2},"end":{"line":18,"column":5}},"7":{"start":{"line":15,"column":4},"end":{"line":17,"column":6}},"8":{"start":{"line":20,"column":2},"end":{"line":30,"column":4}},"9":{"start":{"line":33,"column":0},"end":{"line":35,"column":2}},"10":{"start":{"line":36,"column":0},"end":{"line":36,"column":36}}},"fnMap":{"0":{"name":"(anonymous_0)","decl":{"start":{"line":4,"column":29},"end":{"line":4,"column":30}},"loc":{"start":{"line":4,"column":46},"end":{"line":31,"column":1}},"line":4},"1":{"name":"(anonymous_1)","decl":{"start":{"line":10,"column":27},"end":{"line":10,"column":28}},"loc":{"start":{"line":10,"column":33},"end":{"line":12,"column":3}},"line":10},"2":{"name":"(anonymous_2)","decl":{"start":{"line":14,"column":28},"end":{"line":14,"column":29}},"loc":{"start":{"line":14,"column":34},"end":{"line":18,"column":3}},"line":14}},"branchMap":{"0":{"loc":{"start":{"line":7,"column":37},"end":{"line":7,"column":58}},"type":"cond-expr","locations":[{"start":{"line":7,"column":47},"end":{"line":7,"column":53}},{"start":{"line":7,"column":56},"end":{"line":7,"column":58}}],"line":7},"1":{"loc":{"start":{"line":8,"column":37},"end":{"line":8,"column":58}},"type":"cond-expr","locations":[{"start":{"line":8,"column":47},"end":{"line":8,"column":49}},{"start":{"line":8,"column":52},"end":{"line":8,"column":58}}],"line":8}},"s":{"0":1,"1":7,"2":7,"3":7,"4":7,"5":3,"6":7,"7":0,"8":7,"9":1,"10":1},"f":{"0":7,"1":3,"2":0},"b":{"0":[2,5],"1":[2,5]},"_coverageSchema":"1a1c01bbd47fc00a2c39e90264f33305004495a9","hash":"66514b44b7546059a7d242c9b3214ab86220f3ee"}
,"/home/adrian/dev/fullstackopen/part5/bloglist-frontend/src/services/blogs.js": {"path":"/home/adrian/dev/fullstackopen/part5/bloglist-frontend/src/services/blogs.js","statementMap":{"0":{"start":{"line":2,"column":16},"end":{"line":2,"column":49}},"1":{"start":{"line":4,"column":12},"end":{"line":4,"column":16}},"2":{"start":{"line":6,"column":17},"end":{"line":8,"column":1}},"3":{"start":{"line":7,"column":2},"end":{"line":7,"column":31}},"4":{"start":{"line":10,"column":15},"end":{"line":13,"column":1}},"5":{"start":{"line":11,"column":18},"end":{"line":11,"column":36}},"6":{"start":{"line":12,"column":2},"end":{"line":12,"column":51}},"7":{"start":{"line":12,"column":36},"end":{"line":12,"column":49}},"8":{"start":{"line":15,"column":15},"end":{"line":22,"column":1}},"9":{"start":{"line":16,"column":17},"end":{"line":18,"column":3}},"10":{"start":{"line":20,"column":19},"end":{"line":20,"column":63}},"11":{"start":{"line":21,"column":2},"end":{"line":21,"column":23}},"12":{"start":{"line":24,"column":15},"end":{"line":27,"column":1}},"13":{"start":{"line":25,"column":18},"end":{"line":25,"column":58}},"14":{"start":{"line":26,"column":2},"end":{"line":26,"column":51}},"15":{"start":{"line":26,"column":36},"end":{"line":26,"column":49}},"16":{"start":{"line":29,"column":19},"end":{"line":37,"column":1}},"17":{"start":{"line":30,"column":17},"end":{"line":32,"column":3}},"18":{"start":{"line":34,"column":18},"end":{"line":34,"column":58}},"19":{"start":{"line":35,"column":2},"end":{"line":35,"column":33}},"20":{"start":{"line":36,"column":2},"end":{"line":36,"column":48}},"21":{"start":{"line":36,"column":34},"end":{"line":36,"column":47}}},"fnMap":{"0":{"name":"(anonymous_0)","decl":{"start":{"line":6,"column":17},"end":{"line":6,"column":18}},"loc":{"start":{"line":6,"column":31},"end":{"line":8,"column":1}},"line":6},"1":{"name":"(anonymous_1)","decl":{"start":{"line":10,"column":15},"end":{"line":10,"column":16}},"loc":{"start":{"line":10,"column":21},"end":{"line":13,"column":1}},"line":10},"2":{"name":"(anonymous_2)","decl":{"start":{"line":12,"column":22},"end":{"line":12,"column":23}},"loc":{"start":{"line":12,"column":36},"end":{"line":12,"column":49}},"line":12},"3":{"name":"(anonymous_3)","decl":{"start":{"line":15,"column":15},"end":{"line":15,"column":16}},"loc":{"start":{"line":15,"column":36},"end":{"line":22,"column":1}},"line":15},"4":{"name":"(anonymous_4)","decl":{"start":{"line":24,"column":15},"end":{"line":24,"column":16}},"loc":{"start":{"line":24,"column":34},"end":{"line":27,"column":1}},"line":24},"5":{"name":"(anonymous_5)","decl":{"start":{"line":26,"column":22},"end":{"line":26,"column":23}},"loc":{"start":{"line":26,"column":36},"end":{"line":26,"column":49}},"line":26},"6":{"name":"(anonymous_6)","decl":{"start":{"line":29,"column":19},"end":{"line":29,"column":20}},"loc":{"start":{"line":29,"column":27},"end":{"line":37,"column":1}},"line":29},"7":{"name":"(anonymous_7)","decl":{"start":{"line":36,"column":22},"end":{"line":36,"column":23}},"loc":{"start":{"line":36,"column":34},"end":{"line":36,"column":47}},"line":36}},"branchMap":{},"s":{"0":0,"1":0,"2":0,"3":0,"4":0,"5":0,"6":0,"7":0,"8":0,"9":0,"10":0,"11":0,"12":0,"13":0,"14":0,"15":0,"16":0,"17":0,"18":0,"19":0,"20":0,"21":0},"f":{"0":0,"1":0,"2":0,"3":0,"4":0,"5":0,"6":0,"7":0},"b":{}}
,"/home/adrian/dev/fullstackopen/part5/bloglist-frontend/src/services/login.js": {"path":"/home/adrian/dev/fullstackopen/part5/bloglist-frontend/src/services/login.js","statementMap":{"0":{"start":{"line":3,"column":16},"end":{"line":3,"column":49}},"1":{"start":{"line":5,"column":14},"end":{"line":8,"column":1}},"2":{"start":{"line":6,"column":19},"end":{"line":6,"column":57}},"3":{"start":{"line":7,"column":2},"end":{"line":7,"column":22}}},"fnMap":{"0":{"name":"(anonymous_0)","decl":{"start":{"line":5,"column":14},"end":{"line":5,"column":15}},"loc":{"start":{"line":5,"column":35},"end":{"line":8,"column":1}},"line":5}},"branchMap":{},"s":{"0":0,"1":0,"2":0,"3":0},"f":{"0":0},"b":{}}
}
